Traceback (most recent call last):
  File "/home/felix/miniconda3/lib/python3.9/site-packages/jupyter_cache/executors/utils.py", line 51, in single_nb_execution
    executenb(
  File "/home/felix/miniconda3/lib/python3.9/site-packages/nbclient/client.py", line 1112, in execute
    return NotebookClient(nb=nb, resources=resources, km=km, **kwargs).execute()
  File "/home/felix/miniconda3/lib/python3.9/site-packages/nbclient/util.py", line 74, in wrapped
    return just_run(coro(*args, **kwargs))
  File "/home/felix/miniconda3/lib/python3.9/site-packages/nbclient/util.py", line 53, in just_run
    return loop.run_until_complete(coro)
  File "/home/felix/miniconda3/lib/python3.9/asyncio/base_events.py", line 642, in run_until_complete
    return future.result()
  File "/home/felix/miniconda3/lib/python3.9/site-packages/nbclient/client.py", line 553, in async_execute
    await self.async_execute_cell(
  File "/home/felix/miniconda3/lib/python3.9/site-packages/nbclient/client.py", line 857, in async_execute_cell
    self._check_raise_for_error(cell, exec_reply)
  File "/home/felix/miniconda3/lib/python3.9/site-packages/nbclient/client.py", line 760, in _check_raise_for_error
    raise CellExecutionError.from_cell_and_msg(cell, exec_reply_content)
nbclient.exceptions.CellExecutionError: An error occurred while executing the following cell:
------------------
#solicitar el número de mascotas
mascotas = int(input("¿Cuántas mascotas tiene?")) #int->enteros, float
if mascotas == 0:
    print("No tiene mascotas")
elif mascotas>0 and mascotas<=3: 
    print("Tiene entre 1-3 mascotas")
elif mascotas>3 and mascotas<=6: 
    print("Tiene entre 4-6 mascotas")    
elif mascotas>6: 
    print("Tiene más de 6 mascotas")
elif mascotas<0:
    print("No corresponde")
else: 
    print("otro caso")
------------------

[0;31m---------------------------------------------------------------------------[0m
[0;31mStdinNotImplementedError[0m                  Traceback (most recent call last)
[0;32m<ipython-input-5-b1d11ac99eb1>[0m in [0;36m<module>[0;34m[0m
[1;32m      1[0m [0;31m#solicitar el número de mascotas[0m[0;34m[0m[0;34m[0m[0;34m[0m[0m
[0;32m----> 2[0;31m [0mmascotas[0m [0;34m=[0m [0mint[0m[0;34m([0m[0minput[0m[0;34m([0m[0;34m"¿Cuántas mascotas tiene?"[0m[0;34m)[0m[0;34m)[0m [0;31m#int->enteros, float[0m[0;34m[0m[0;34m[0m[0m
[0m[1;32m      3[0m [0;32mif[0m [0mmascotas[0m [0;34m==[0m [0;36m0[0m[0;34m:[0m[0;34m[0m[0;34m[0m[0m
[1;32m      4[0m     [0mprint[0m[0;34m([0m[0;34m"No tiene mascotas"[0m[0;34m)[0m[0;34m[0m[0;34m[0m[0m
[1;32m      5[0m [0;32melif[0m [0mmascotas[0m[0;34m>[0m[0;36m0[0m [0;32mand[0m [0mmascotas[0m[0;34m<=[0m[0;36m3[0m[0;34m:[0m[0;34m[0m[0;34m[0m[0m

[0;32m~/miniconda3/lib/python3.9/site-packages/ipykernel/kernelbase.py[0m in [0;36mraw_input[0;34m(self, prompt)[0m
[1;32m    843[0m         """
[1;32m    844[0m         [0;32mif[0m [0;32mnot[0m [0mself[0m[0;34m.[0m[0m_allow_stdin[0m[0;34m:[0m[0;34m[0m[0;34m[0m[0m
[0;32m--> 845[0;31m             raise StdinNotImplementedError(
[0m[1;32m    846[0m                 [0;34m"raw_input was called, but this frontend does not support input requests."[0m[0;34m[0m[0;34m[0m[0m
[1;32m    847[0m             )

[0;31mStdinNotImplementedError[0m: raw_input was called, but this frontend does not support input requests.
StdinNotImplementedError: raw_input was called, but this frontend does not support input requests.

